<?xml version="1.0" encoding="UTF-8"?>
<!-- Generated by org.testng.reporters.JUnitXMLReporter -->
<testsuite hostname="abi-PC" name="Test" tests="1" failures="0" timestamp="23 Dec 2017 15:05:03 GMT" time="4.107" errors="0">
  <testcase name="@BeforeMethod beforeMethod" time="0.0" classname="testcases.TC003_CreateLead">
    <failure type="java.lang.NullPointerException" message="null value in entry: url=null">
      <![CDATA[java.lang.NullPointerException: null value in entry: url=null
	at com.google.common.collect.CollectPreconditions.checkEntryNotNull(CollectPreconditions.java:34)
	at com.google.common.collect.SingletonImmutableBiMap.<init>(SingletonImmutableBiMap.java:42)
	at com.google.common.collect.ImmutableBiMap.of(ImmutableBiMap.java:73)
	at com.google.common.collect.ImmutableMap.of(ImmutableMap.java:123)
	at org.openqa.selenium.remote.RemoteWebDriver.get(RemoteWebDriver.java:310)
	at wdMethods.SeMethods.startApp(SeMethods.java:62)
	at wdMethods.ProjectMethods.beforeMethod(ProjectMethods.java:32)
... Removed 26 stack frames]]>
    </failure>
  </testcase> <!-- @BeforeMethod beforeMethod -->
  <testcase name="@AfterMethod afterMethod" time="0.0" classname="testcases.TC003_CreateLead">
    <skipped/>
  </testcase> <!-- @AfterMethod afterMethod -->
  <testcase name="@AfterTest afterTest" time="0.0" classname="testcases.TC003_CreateLead">
    <skipped/>
  </testcase> <!-- @AfterTest afterTest -->
  <testcase name="createLead" time="0.0" classname="testcases.TC003_CreateLead">
    <skipped/>
  </testcase> <!-- createLead -->
</testsuite> <!-- Test -->
